<?xml version="1.0" encoding="UTF-8"?>
<!-- Generated by org.testng.reporters.JUnitXMLReporter -->
<testsuite hostname="ashish3147289" ignored="0" tests="10" failures="1" timestamp="30 Apr 2018 07:08:05 GMT" time="28.72" errors="0">
  <testcase name="search9" time="0.005" classname="GoogleHomePage">
    <failure type="java.lang.Error" message="Unresolved compilation problems: 
	Syntax error, insert &amp;quot;VariableDeclarators&amp;quot; to complete LocalVariableDeclaration
	Syntax error, insert &amp;quot;;&amp;quot; to complete LocalVariableDeclarationStatement
	s cannot be resolved
">
      <![CDATA[java.lang.Error: Unresolved compilation problems: 
Syntax error, insert "VariableDeclarators" to complete LocalVariableDeclaration
Syntax error, insert ";" to complete LocalVariableDeclarationStatement
s cannot be resolved

at GoogleHomePage.search9(GoogleHomePage.java:103)
at java.util.concurrent.ThreadPoolExecutor.runWorker(Unknown Source)
at java.util.concurrent.ThreadPoolExecutor$Worker.run(Unknown Source)
at java.lang.Thread.run(Unknown Source)
... Removed 10 stack frames]]>
    </failure>
  </testcase> <!-- search9 -->
  <testcase name="search1" time="10.94" classname="GoogleHomePage"/>
  <testcase name="search4" time="12.765" classname="GoogleHomePage"/>
  <testcase name="search8" time="10.432" classname="GoogleHomePage"/>
  <testcase name="search2" time="8.894" classname="GoogleHomePage"/>
  <testcase name="search10" time="10.969" classname="GoogleHomePage"/>
  <testcase name="search3" time="10.168" classname="GoogleHomePage"/>
  <testcase name="search5" time="10.969" classname="GoogleHomePage"/>
  <testcase name="search6" time="13.432" classname="GoogleHomePage"/>
  <testcase name="search7" time="12.892" classname="GoogleHomePage"/>
</testsuite>
