<?xml version="1.0" encoding="UTF-8"?>
<!-- Generated by org.testng.reporters.JUnitXMLReporter -->
<testsuite hostname="ashish3147289" ignored="5" tests="5" failures="0" timestamp="30 Apr 2018 05:32:47 GMT" time="19.972" errors="0">
  <testcase name="search7" time="9.064" classname="GoogleHomePage"/>
  <testcase name="search10" time="6.66" classname="GoogleHomePage"/>
  <testcase name="search8" time="6.6" classname="GoogleHomePage"/>
  <testcase name="search6" time="9.678" classname="GoogleHomePage"/>
  <testcase name="search9" time="9.269" classname="GoogleHomePage"/>
  <testcase name="search4" time="0.0" classname="GoogleHomePage">
    <ignored/>
  </testcase> <!-- search4 -->
  <testcase name="search3" time="0.0" classname="GoogleHomePage">
    <ignored/>
  </testcase> <!-- search3 -->
  <testcase name="search2" time="0.0" classname="GoogleHomePage">
    <ignored/>
  </testcase> <!-- search2 -->
  <testcase name="search1" time="0.0" classname="GoogleHomePage">
    <ignored/>
  </testcase> <!-- search1 -->
  <testcase name="search5" time="0.0" classname="GoogleHomePage">
    <ignored/>
  </testcase> <!-- search5 -->
</testsuite>
