<?xml version="1.0" encoding="UTF-8"?>
<!-- Generated by org.testng.reporters.JUnitXMLReporter -->
<testsuite hostname="ashish3147289" ignored="0" tests="10" failures="10" timestamp="27 Apr 2018 10:52:32 GMT" time="0.032" errors="0">
  <testcase name="search1" time="0.001" classname="GoogleHomePage">
    <failure type="java.lang.NullPointerException">
      <![CDATA[java.lang.NullPointerException
at GoogleHomePage.search1(GoogleHomePage.java:25)
... Removed 25 stack frames]]>
    </failure>
  </testcase> <!-- search1 -->
  <testcase name="search10" time="0.001" classname="GoogleHomePage">
    <failure type="java.lang.NullPointerException">
      <![CDATA[java.lang.NullPointerException
at GoogleHomePage.search10(GoogleHomePage.java:65)
... Removed 25 stack frames]]>
    </failure>
  </testcase> <!-- search10 -->
  <testcase name="search2" time="0.001" classname="GoogleHomePage">
    <failure type="java.lang.NullPointerException">
      <![CDATA[java.lang.NullPointerException
at GoogleHomePage.search2(GoogleHomePage.java:32)
... Removed 25 stack frames]]>
    </failure>
  </testcase> <!-- search2 -->
  <testcase name="search3" time="0.0" classname="GoogleHomePage">
    <failure type="java.lang.NullPointerException">
      <![CDATA[java.lang.NullPointerException
at GoogleHomePage.search3(GoogleHomePage.java:36)
... Removed 25 stack frames]]>
    </failure>
  </testcase> <!-- search3 -->
  <testcase name="search4" time="0.001" classname="GoogleHomePage">
    <failure type="java.lang.NullPointerException">
      <![CDATA[java.lang.NullPointerException
at GoogleHomePage.search4(GoogleHomePage.java:40)
... Removed 25 stack frames]]>
    </failure>
  </testcase> <!-- search4 -->
  <testcase name="search5" time="0.0" classname="GoogleHomePage">
    <failure type="java.lang.NullPointerException">
      <![CDATA[java.lang.NullPointerException
at GoogleHomePage.search5(GoogleHomePage.java:44)
... Removed 25 stack frames]]>
    </failure>
  </testcase> <!-- search5 -->
  <testcase name="search6" time="0.005" classname="GoogleHomePage">
    <failure type="java.lang.NullPointerException">
      <![CDATA[java.lang.NullPointerException
at GoogleHomePage.search6(GoogleHomePage.java:48)
... Removed 25 stack frames]]>
    </failure>
  </testcase> <!-- search6 -->
  <testcase name="search7" time="0.002" classname="GoogleHomePage">
    <failure type="java.lang.NullPointerException">
      <![CDATA[java.lang.NullPointerException
at GoogleHomePage.search7(GoogleHomePage.java:52)
... Removed 25 stack frames]]>
    </failure>
  </testcase> <!-- search7 -->
  <testcase name="search8" time="0.006" classname="GoogleHomePage">
    <failure type="java.lang.NullPointerException">
      <![CDATA[java.lang.NullPointerException
at GoogleHomePage.search8(GoogleHomePage.java:56)
... Removed 25 stack frames]]>
    </failure>
  </testcase> <!-- search8 -->
  <testcase name="search9" time="0.001" classname="GoogleHomePage">
    <failure type="java.lang.NullPointerException">
      <![CDATA[java.lang.NullPointerException
at GoogleHomePage.search9(GoogleHomePage.java:60)
... Removed 25 stack frames]]>
    </failure>
  </testcase> <!-- search9 -->
</testsuite>
