<?xml version="1.0" encoding="UTF-8"?>
<testng-results skipped="0" failed="1" ignored="0" total="10" passed="9">
  <reporter-output>
  </reporter-output>
  <suite name="Default suite" duration-ms="28720" started-at="2018-04-30T07:07:36Z" finished-at="2018-04-30T07:08:05Z">
    <groups>
      <group name="grp1">
        <method signature="GoogleHomePage.search1()[pri:0, instance:GoogleHomePage@2b98378d]" name="search1" class="GoogleHomePage"/>
        <method signature="GoogleHomePage.search2()[pri:0, instance:GoogleHomePage@2b98378d]" name="search2" class="GoogleHomePage"/>
        <method signature="GoogleHomePage.search3()[pri:0, instance:GoogleHomePage@2b98378d]" name="search3" class="GoogleHomePage"/>
        <method signature="GoogleHomePage.search4()[pri:0, instance:GoogleHomePage@2b98378d]" name="search4" class="GoogleHomePage"/>
        <method signature="GoogleHomePage.search5()[pri:0, instance:GoogleHomePage@2b98378d]" name="search5" class="GoogleHomePage"/>
      </group> <!-- grp1 -->
      <group name="grp2">
        <method signature="GoogleHomePage.search10()[pri:0, instance:GoogleHomePage@2b98378d]" name="search10" class="GoogleHomePage"/>
        <method signature="GoogleHomePage.search6()[pri:0, instance:GoogleHomePage@2b98378d]" name="search6" class="GoogleHomePage"/>
        <method signature="GoogleHomePage.search7()[pri:0, instance:GoogleHomePage@2b98378d]" name="search7" class="GoogleHomePage"/>
        <method signature="GoogleHomePage.search8()[pri:0, instance:GoogleHomePage@2b98378d]" name="search8" class="GoogleHomePage"/>
        <method signature="GoogleHomePage.search9()[pri:0, instance:GoogleHomePage@2b98378d]" name="search9" class="GoogleHomePage"/>
      </group> <!-- grp2 -->
    </groups>
    <test name="Parallel tests" duration-ms="28720" started-at="2018-04-30T07:07:36Z" finished-at="2018-04-30T07:08:05Z">
      <class name="GoogleHomePage">
        <test-method status="PASS" signature="invokeChromeBrowser(java.lang.String)[pri:0, instance:GoogleHomePage@2b98378d]" name="invokeChromeBrowser" is-config="true" duration-ms="16180" started-at="2018-04-30T07:07:36Z" finished-at="2018-04-30T07:07:52Z">
          <params>
            <param index="0">
              <value>
                <![CDATA[chrome]]>
              </value>
            </param>
          </params>
          <reporter-output>
          </reporter-output>
        </test-method> <!-- invokeChromeBrowser -->
        <test-method status="PASS" signature="invokeChromeBrowser(java.lang.String)[pri:0, instance:GoogleHomePage@2b98378d]" name="invokeChromeBrowser" is-config="true" duration-ms="14312" started-at="2018-04-30T07:07:36Z" finished-at="2018-04-30T07:07:50Z">
          <params>
            <param index="0">
              <value>
                <![CDATA[chrome]]>
              </value>
            </param>
          </params>
          <reporter-output>
          </reporter-output>
        </test-method> <!-- invokeChromeBrowser -->
        <test-method status="PASS" signature="invokeChromeBrowser(java.lang.String)[pri:0, instance:GoogleHomePage@2b98378d]" name="invokeChromeBrowser" is-config="true" duration-ms="14018" started-at="2018-04-30T07:07:36Z" finished-at="2018-04-30T07:07:50Z">
          <params>
            <param index="0">
              <value>
                <![CDATA[chrome]]>
              </value>
            </param>
          </params>
          <reporter-output>
          </reporter-output>
        </test-method> <!-- invokeChromeBrowser -->
        <test-method status="PASS" signature="invokeChromeBrowser(java.lang.String)[pri:0, instance:GoogleHomePage@2b98378d]" name="invokeChromeBrowser" is-config="true" duration-ms="15092" started-at="2018-04-30T07:07:36Z" finished-at="2018-04-30T07:07:51Z">
          <params>
            <param index="0">
              <value>
                <![CDATA[chrome]]>
              </value>
            </param>
          </params>
          <reporter-output>
          </reporter-output>
        </test-method> <!-- invokeChromeBrowser -->
        <test-method status="PASS" signature="invokeChromeBrowser(java.lang.String)[pri:0, instance:GoogleHomePage@2b98378d]" name="invokeChromeBrowser" is-config="true" duration-ms="12638" started-at="2018-04-30T07:07:36Z" finished-at="2018-04-30T07:07:49Z">
          <params>
            <param index="0">
              <value>
                <![CDATA[chrome]]>
              </value>
            </param>
          </params>
          <reporter-output>
          </reporter-output>
        </test-method> <!-- invokeChromeBrowser -->
        <test-method status="PASS" signature="invokeChromeBrowser(java.lang.String)[pri:0, instance:GoogleHomePage@2b98378d]" name="invokeChromeBrowser" is-config="true" duration-ms="16781" started-at="2018-04-30T07:07:36Z" finished-at="2018-04-30T07:07:53Z">
          <params>
            <param index="0">
              <value>
                <![CDATA[chrome]]>
              </value>
            </param>
          </params>
          <reporter-output>
          </reporter-output>
        </test-method> <!-- invokeChromeBrowser -->
        <test-method status="PASS" signature="invokeChromeBrowser(java.lang.String)[pri:0, instance:GoogleHomePage@2b98378d]" name="invokeChromeBrowser" is-config="true" duration-ms="15774" started-at="2018-04-30T07:07:36Z" finished-at="2018-04-30T07:07:52Z">
          <params>
            <param index="0">
              <value>
                <![CDATA[chrome]]>
              </value>
            </param>
          </params>
          <reporter-output>
          </reporter-output>
        </test-method> <!-- invokeChromeBrowser -->
        <test-method status="PASS" signature="invokeChromeBrowser(java.lang.String)[pri:0, instance:GoogleHomePage@2b98378d]" name="invokeChromeBrowser" is-config="true" duration-ms="15796" started-at="2018-04-30T07:07:36Z" finished-at="2018-04-30T07:07:52Z">
          <params>
            <param index="0">
              <value>
                <![CDATA[chrome]]>
              </value>
            </param>
          </params>
          <reporter-output>
          </reporter-output>
        </test-method> <!-- invokeChromeBrowser -->
        <test-method status="PASS" signature="invokeChromeBrowser(java.lang.String)[pri:0, instance:GoogleHomePage@2b98378d]" name="invokeChromeBrowser" is-config="true" duration-ms="13769" started-at="2018-04-30T07:07:36Z" finished-at="2018-04-30T07:07:50Z">
          <params>
            <param index="0">
              <value>
                <![CDATA[chrome]]>
              </value>
            </param>
          </params>
          <reporter-output>
          </reporter-output>
        </test-method> <!-- invokeChromeBrowser -->
        <test-method status="PASS" signature="invokeChromeBrowser(java.lang.String)[pri:0, instance:GoogleHomePage@2b98378d]" name="invokeChromeBrowser" is-config="true" duration-ms="14869" started-at="2018-04-30T07:07:36Z" finished-at="2018-04-30T07:07:51Z">
          <params>
            <param index="0">
              <value>
                <![CDATA[chrome]]>
              </value>
            </param>
          </params>
          <reporter-output>
          </reporter-output>
        </test-method> <!-- invokeChromeBrowser -->
        <test-method status="PASS" signature="search4()[pri:0, instance:GoogleHomePage@2b98378d]" name="search4" duration-ms="12765" started-at="2018-04-30T07:07:49Z" finished-at="2018-04-30T07:08:01Z">
          <reporter-output>
          </reporter-output>
        </test-method> <!-- search4 -->
        <test-method status="FAIL" signature="search9()[pri:0, instance:GoogleHomePage@2b98378d]" name="search9" duration-ms="5" started-at="2018-04-30T07:07:50Z" finished-at="2018-04-30T07:07:50Z">
          <exception class="java.lang.Error">
            <message>
              <![CDATA[Unresolved compilation problems: 
Syntax error, insert "VariableDeclarators" to complete LocalVariableDeclaration
Syntax error, insert ";" to complete LocalVariableDeclarationStatement
s cannot be resolved
]]>
            </message>
            <full-stacktrace>
              <![CDATA[java.lang.Error: Unresolved compilation problems: 
Syntax error, insert "VariableDeclarators" to complete LocalVariableDeclaration
Syntax error, insert ";" to complete LocalVariableDeclarationStatement
s cannot be resolved

at GoogleHomePage.search9(GoogleHomePage.java:103)
at sun.reflect.NativeMethodAccessorImpl.invoke0(Native Method)
at sun.reflect.NativeMethodAccessorImpl.invoke(Unknown Source)
at sun.reflect.DelegatingMethodAccessorImpl.invoke(Unknown Source)
at java.lang.reflect.Method.invoke(Unknown Source)
at org.testng.internal.MethodInvocationHelper.invokeMethod(MethodInvocationHelper.java:124)
at org.testng.internal.Invoker.invokeMethod(Invoker.java:580)
at org.testng.internal.Invoker.invokeTestMethod(Invoker.java:716)
at org.testng.internal.Invoker.invokeTestMethods(Invoker.java:988)
at org.testng.internal.TestMethodWorker.invokeTestMethods(TestMethodWorker.java:125)
at org.testng.internal.TestMethodWorker.run(TestMethodWorker.java:109)
at java.util.concurrent.ThreadPoolExecutor.runWorker(Unknown Source)
at java.util.concurrent.ThreadPoolExecutor$Worker.run(Unknown Source)
at java.lang.Thread.run(Unknown Source)
]]>
            </full-stacktrace>
          </exception> <!-- java.lang.Error -->
          <reporter-output>
          </reporter-output>
        </test-method> <!-- search9 -->
        <test-method status="PASS" signature="closeChromeBrowser()[pri:0, instance:GoogleHomePage@2b98378d]" name="closeChromeBrowser" is-config="true" duration-ms="1" started-at="2018-04-30T07:07:50Z" finished-at="2018-04-30T07:07:50Z">
          <reporter-output>
          </reporter-output>
        </test-method> <!-- closeChromeBrowser -->
        <test-method status="PASS" signature="search6()[pri:0, instance:GoogleHomePage@2b98378d]" name="search6" duration-ms="13432" started-at="2018-04-30T07:07:50Z" finished-at="2018-04-30T07:08:03Z">
          <reporter-output>
          </reporter-output>
        </test-method> <!-- search6 -->
        <test-method status="PASS" signature="search1()[pri:0, instance:GoogleHomePage@2b98378d]" name="search1" duration-ms="10940" started-at="2018-04-30T07:07:50Z" finished-at="2018-04-30T07:08:01Z">
          <reporter-output>
          </reporter-output>
        </test-method> <!-- search1 -->
        <test-method status="PASS" signature="search10()[pri:0, instance:GoogleHomePage@2b98378d]" name="search10" duration-ms="10969" started-at="2018-04-30T07:07:51Z" finished-at="2018-04-30T07:08:02Z">
          <reporter-output>
          </reporter-output>
        </test-method> <!-- search10 -->
        <test-method status="PASS" signature="search8()[pri:0, instance:GoogleHomePage@2b98378d]" name="search8" duration-ms="10432" started-at="2018-04-30T07:07:51Z" finished-at="2018-04-30T07:08:01Z">
          <reporter-output>
          </reporter-output>
        </test-method> <!-- search8 -->
        <test-method status="PASS" signature="search3()[pri:0, instance:GoogleHomePage@2b98378d]" name="search3" duration-ms="10168" started-at="2018-04-30T07:07:52Z" finished-at="2018-04-30T07:08:02Z">
          <reporter-output>
          </reporter-output>
        </test-method> <!-- search3 -->
        <test-method status="PASS" signature="search7()[pri:0, instance:GoogleHomePage@2b98378d]" name="search7" duration-ms="12892" started-at="2018-04-30T07:07:52Z" finished-at="2018-04-30T07:08:05Z">
          <reporter-output>
          </reporter-output>
        </test-method> <!-- search7 -->
        <test-method status="PASS" signature="search5()[pri:0, instance:GoogleHomePage@2b98378d]" name="search5" duration-ms="10969" started-at="2018-04-30T07:07:52Z" finished-at="2018-04-30T07:08:03Z">
          <reporter-output>
          </reporter-output>
        </test-method> <!-- search5 -->
        <test-method status="PASS" signature="search2()[pri:0, instance:GoogleHomePage@2b98378d]" name="search2" duration-ms="8894" started-at="2018-04-30T07:07:53Z" finished-at="2018-04-30T07:08:02Z">
          <reporter-output>
          </reporter-output>
        </test-method> <!-- search2 -->
        <test-method status="PASS" signature="closeChromeBrowser()[pri:0, instance:GoogleHomePage@2b98378d]" name="closeChromeBrowser" is-config="true" duration-ms="0" started-at="2018-04-30T07:08:01Z" finished-at="2018-04-30T07:08:01Z">
          <reporter-output>
          </reporter-output>
        </test-method> <!-- closeChromeBrowser -->
        <test-method status="PASS" signature="closeChromeBrowser()[pri:0, instance:GoogleHomePage@2b98378d]" name="closeChromeBrowser" is-config="true" duration-ms="0" started-at="2018-04-30T07:08:01Z" finished-at="2018-04-30T07:08:01Z">
          <reporter-output>
          </reporter-output>
        </test-method> <!-- closeChromeBrowser -->
        <test-method status="PASS" signature="closeChromeBrowser()[pri:0, instance:GoogleHomePage@2b98378d]" name="closeChromeBrowser" is-config="true" duration-ms="0" started-at="2018-04-30T07:08:01Z" finished-at="2018-04-30T07:08:01Z">
          <reporter-output>
          </reporter-output>
        </test-method> <!-- closeChromeBrowser -->
        <test-method status="PASS" signature="closeChromeBrowser()[pri:0, instance:GoogleHomePage@2b98378d]" name="closeChromeBrowser" is-config="true" duration-ms="0" started-at="2018-04-30T07:08:02Z" finished-at="2018-04-30T07:08:02Z">
          <reporter-output>
          </reporter-output>
        </test-method> <!-- closeChromeBrowser -->
        <test-method status="PASS" signature="closeChromeBrowser()[pri:0, instance:GoogleHomePage@2b98378d]" name="closeChromeBrowser" is-config="true" duration-ms="0" started-at="2018-04-30T07:08:02Z" finished-at="2018-04-30T07:08:02Z">
          <reporter-output>
          </reporter-output>
        </test-method> <!-- closeChromeBrowser -->
        <test-method status="PASS" signature="closeChromeBrowser()[pri:0, instance:GoogleHomePage@2b98378d]" name="closeChromeBrowser" is-config="true" duration-ms="1" started-at="2018-04-30T07:08:02Z" finished-at="2018-04-30T07:08:02Z">
          <reporter-output>
          </reporter-output>
        </test-method> <!-- closeChromeBrowser -->
        <test-method status="PASS" signature="closeChromeBrowser()[pri:0, instance:GoogleHomePage@2b98378d]" name="closeChromeBrowser" is-config="true" duration-ms="0" started-at="2018-04-30T07:08:03Z" finished-at="2018-04-30T07:08:03Z">
          <reporter-output>
          </reporter-output>
        </test-method> <!-- closeChromeBrowser -->
        <test-method status="PASS" signature="closeChromeBrowser()[pri:0, instance:GoogleHomePage@2b98378d]" name="closeChromeBrowser" is-config="true" duration-ms="0" started-at="2018-04-30T07:08:03Z" finished-at="2018-04-30T07:08:03Z">
          <reporter-output>
          </reporter-output>
        </test-method> <!-- closeChromeBrowser -->
        <test-method status="PASS" signature="closeChromeBrowser()[pri:0, instance:GoogleHomePage@2b98378d]" name="closeChromeBrowser" is-config="true" duration-ms="0" started-at="2018-04-30T07:08:05Z" finished-at="2018-04-30T07:08:05Z">
          <reporter-output>
          </reporter-output>
        </test-method> <!-- closeChromeBrowser -->
      </class> <!-- GoogleHomePage -->
    </test> <!-- Parallel tests -->
  </suite> <!-- Default suite -->
</testng-results>
